{"name": "Create an employee", "status": "failed", "statusDetails": {"message": "AssertionError\n", "trace": "  File \"/home/asus/PycharmProjects/pythonProject/venv/lib/python3.9/site-packages/behave/model.py\", line 1329, in run\n    match.run(runner.context)\n  File \"/home/asus/PycharmProjects/pythonProject/venv/lib/python3.9/site-packages/behave/matchers.py\", line 98, in run\n    self.func(context, *args, **kwargs)\n  File \"features/steps/create_delete_employee.py\", line 20, in step_impl\n    response = delete_employee(employee_id)\n  File \"/home/asus/PycharmProjects/pythonProject/features/steps/utils.py\", line 21, in delete_employee\n    assert response.status_code is 200\n"}, "steps": [{"name": "When we delete employee \"3344\"", "status": "failed", "statusDetails": {"message": "AssertionError\n", "trace": "  File \"/home/asus/PycharmProjects/pythonProject/venv/lib/python3.9/site-packages/behave/model.py\", line 1329, in run\n    match.run(runner.context)\n  File \"/home/asus/PycharmProjects/pythonProject/venv/lib/python3.9/site-packages/behave/matchers.py\", line 98, in run\n    self.func(context, *args, **kwargs)\n  File \"features/steps/create_delete_employee.py\", line 20, in step_impl\n    response = delete_employee(employee_id)\n  File \"/home/asus/PycharmProjects/pythonProject/features/steps/utils.py\", line 21, in delete_employee\n    assert response.status_code is 200\n"}, "start": 1691174135443, "stop": 1691174136147}], "start": 1691174135442, "stop": 1691174136147, "uuid": "d34d1af9-e757-44bf-89b2-7968d0cd2373", "historyId": "bb00107ae7ec4c4d66675f3830672eaf", "fullName": "Creating employee: Create an employee", "labels": [{"name": "severity", "value": "normal"}, {"name": "feature", "value": "Creating employee"}, {"name": "framework", "value": "behave"}, {"name": "language", "value": "cpython3"}]}